<?xml version="1.0" encoding="UTF-8"?>
<!-- Generated by org.testng.reporters.JUnitXMLReporter -->
<testsuite ignored="0" hostname="Asus15" failures="0" tests="2" name="Default test" time="55.854" errors="0" timestamp="2026-04-09T21:54:46 IST">
  <testcase classname="com.expandtesting.tests.LoginTest" name="verifyLoginFunWithValidCredentials" time="15.33"/>
  <testcase classname="com.expandtesting.tests.LoginTest" name="verifyLoginFunWithInValidCredentials" time="29.423"/>
</testsuite> <!-- Default test -->
