<?xml version="1.0" encoding="UTF-8"?>
<testng-results ignored="0" total="2" passed="2" failed="0" skipped="0">
  <reporter-output>
  </reporter-output>
  <suite started-at="2026-03-28T09:57:37 IST" name="Suite" finished-at="2026-03-28T09:58:33 IST" duration-ms="55100">
    <groups>
    </groups>
    <test started-at="2026-03-28T09:57:37 IST" name="Test" finished-at="2026-03-28T09:58:33 IST" duration-ms="55100">
      <class name="com.expandtesting.tests.WebInputTest">
        <test-method is-config="true" signature="setup()[pri:0, instance:com.expandtesting.tests.WebInputTest@2ab4bc72]" started-at="2026-03-28T09:57:37 IST" name="setup" finished-at="2026-03-28T09:57:54 IST" duration-ms="16785" status="PASS">
          <reporter-output>
          </reporter-output>
        </test-method> <!-- setup -->
        <test-method signature="verifyDisplayInputs()[pri:0, instance:com.expandtesting.tests.WebInputTest@2ab4bc72]" started-at="2026-03-28T09:57:54 IST" name="verifyDisplayInputs" finished-at="2026-03-28T09:58:12 IST" duration-ms="17348" status="PASS">
          <reporter-output>
          </reporter-output>
        </test-method> <!-- verifyDisplayInputs -->
        <test-method signature="verifyWebInputPageIsPresent()[pri:0, instance:com.expandtesting.tests.WebInputTest@2ab4bc72]" started-at="2026-03-28T09:58:12 IST" name="verifyWebInputPageIsPresent" finished-at="2026-03-28T09:58:32 IST" duration-ms="20135" status="PASS">
          <reporter-output>
          </reporter-output>
        </test-method> <!-- verifyWebInputPageIsPresent -->
        <test-method is-config="true" signature="tearDown()[pri:0, instance:com.expandtesting.tests.WebInputTest@2ab4bc72]" started-at="2026-03-28T09:58:32 IST" name="tearDown" finished-at="2026-03-28T09:58:33 IST" duration-ms="555" status="PASS">
          <reporter-output>
          </reporter-output>
        </test-method> <!-- tearDown -->
      </class> <!-- com.expandtesting.tests.WebInputTest -->
    </test> <!-- Test -->
  </suite> <!-- Suite -->
</testng-results>
