<?xml version="1.0" encoding="UTF-8"?>
<testng-results ignored="0" total="2" passed="2" failed="0" skipped="0">
  <reporter-output>
  </reporter-output>
  <suite started-at="2026-04-09T22:12:23 IST" name="Suite" finished-at="2026-04-09T22:13:12 IST" duration-ms="48315">
    <groups>
    </groups>
    <test started-at="2026-04-09T22:12:23 IST" name="Test" finished-at="2026-04-09T22:13:12 IST" duration-ms="48315">
      <class name="com.expandtesting.tests.LoginTest">
        <test-method is-config="true" signature="setUp()[pri:0, instance:com.expandtesting.tests.LoginTest@267517e4]" started-at="2026-04-09T22:12:24 IST" name="setUp" finished-at="2026-04-09T22:12:30 IST" duration-ms="6583" status="PASS">
          <reporter-output>
          </reporter-output>
        </test-method> <!-- setUp -->
        <test-method signature="verifyLoginFunWithValidCredentials()[pri:1, instance:com.expandtesting.tests.LoginTest@267517e4]" started-at="2026-04-09T22:12:31 IST" name="verifyLoginFunWithValidCredentials" finished-at="2026-04-09T22:12:43 IST" duration-ms="12831" status="PASS">
          <reporter-output>
          </reporter-output>
        </test-method> <!-- verifyLoginFunWithValidCredentials -->
        <test-method is-config="true" signature="teardown()[pri:0, instance:com.expandtesting.tests.LoginTest@267517e4]" started-at="2026-04-09T22:12:44 IST" name="teardown" finished-at="2026-04-09T22:12:45 IST" duration-ms="1524" status="PASS">
          <reporter-output>
          </reporter-output>
        </test-method> <!-- teardown -->
        <test-method is-config="true" signature="setUp()[pri:0, instance:com.expandtesting.tests.LoginTest@267517e4]" started-at="2026-04-09T22:12:45 IST" name="setUp" finished-at="2026-04-09T22:12:52 IST" duration-ms="6545" status="PASS">
          <reporter-output>
          </reporter-output>
        </test-method> <!-- setUp -->
        <test-method signature="verifyLoginFunWithInValidCredentials()[pri:2, instance:com.expandtesting.tests.LoginTest@267517e4]" started-at="2026-04-09T22:12:52 IST" name="verifyLoginFunWithInValidCredentials" finished-at="2026-04-09T22:13:11 IST" duration-ms="19648" status="PASS">
          <reporter-output>
          </reporter-output>
        </test-method> <!-- verifyLoginFunWithInValidCredentials -->
        <test-method is-config="true" signature="teardown()[pri:0, instance:com.expandtesting.tests.LoginTest@267517e4]" started-at="2026-04-09T22:13:11 IST" name="teardown" finished-at="2026-04-09T22:13:12 IST" duration-ms="547" status="PASS">
          <reporter-output>
          </reporter-output>
        </test-method> <!-- teardown -->
      </class> <!-- com.expandtesting.tests.LoginTest -->
    </test> <!-- Test -->
  </suite> <!-- Suite -->
</testng-results>
