<?xml version="1.0" encoding="UTF-8"?>
<testng-results ignored="0" total="2" passed="2" failed="0" skipped="0">
  <reporter-output>
  </reporter-output>
  <suite started-at="2026-03-23T18:55:02 IST" name="Suite" finished-at="2026-03-23T18:55:47 IST" duration-ms="45564">
    <groups>
    </groups>
    <test started-at="2026-03-23T18:55:02 IST" name="Test" finished-at="2026-03-23T18:55:47 IST" duration-ms="45564">
      <class name="com.expandtesting.tests.WebInputTest">
        <test-method is-config="true" signature="setup()[pri:0, instance:com.expandtesting.tests.WebInputTest@5167f57d]" started-at="2026-03-23T18:55:02 IST" name="setup" finished-at="2026-03-23T18:55:10 IST" duration-ms="8665" status="PASS">
          <reporter-output>
          </reporter-output>
        </test-method> <!-- setup -->
        <test-method signature="verifyDisplayInputs()[pri:0, instance:com.expandtesting.tests.WebInputTest@5167f57d]" started-at="2026-03-23T18:55:10 IST" name="verifyDisplayInputs" finished-at="2026-03-23T18:55:27 IST" duration-ms="16501" status="PASS">
          <reporter-output>
          </reporter-output>
        </test-method> <!-- verifyDisplayInputs -->
        <test-method signature="verifyWebInputPageIsPresent()[pri:0, instance:com.expandtesting.tests.WebInputTest@5167f57d]" started-at="2026-03-23T18:55:27 IST" name="verifyWebInputPageIsPresent" finished-at="2026-03-23T18:55:47 IST" duration-ms="20150" status="PASS">
          <reporter-output>
          </reporter-output>
        </test-method> <!-- verifyWebInputPageIsPresent -->
      </class> <!-- com.expandtesting.tests.WebInputTest -->
    </test> <!-- Test -->
  </suite> <!-- Suite -->
</testng-results>
