<?xml version="1.0" encoding="UTF-8"?>
<testng-results ignored="0" total="2" passed="2" failed="0" skipped="0">
  <reporter-output>
  </reporter-output>
  <suite started-at="2026-03-28T09:40:19 IST" name="Default suite" finished-at="2026-03-28T09:41:12 IST" duration-ms="53339">
    <groups>
    </groups>
    <test started-at="2026-03-28T09:40:19 IST" name="Default test" finished-at="2026-03-28T09:41:12 IST" duration-ms="53339">
      <class name="com.expandtesting.tests.WebInputTest">
        <test-method is-config="true" signature="setup()[pri:0, instance:com.expandtesting.tests.WebInputTest@18f8cd79]" started-at="2026-03-28T09:40:19 IST" name="setup" finished-at="2026-03-28T09:40:35 IST" duration-ms="16397" status="PASS">
          <reporter-output>
          </reporter-output>
        </test-method> <!-- setup -->
        <test-method signature="verifyDisplayInputs()[pri:0, instance:com.expandtesting.tests.WebInputTest@18f8cd79]" started-at="2026-03-28T09:40:35 IST" name="verifyDisplayInputs" finished-at="2026-03-28T09:40:51 IST" duration-ms="15926" status="PASS">
          <reporter-output>
          </reporter-output>
        </test-method> <!-- verifyDisplayInputs -->
        <test-method signature="verifyWebInputPageIsPresent()[pri:0, instance:com.expandtesting.tests.WebInputTest@18f8cd79]" started-at="2026-03-28T09:40:51 IST" name="verifyWebInputPageIsPresent" finished-at="2026-03-28T09:41:11 IST" duration-ms="20147" status="PASS">
          <reporter-output>
          </reporter-output>
        </test-method> <!-- verifyWebInputPageIsPresent -->
        <test-method is-config="true" signature="tearDown()[pri:0, instance:com.expandtesting.tests.WebInputTest@18f8cd79]" started-at="2026-03-28T09:41:11 IST" name="tearDown" finished-at="2026-03-28T09:41:12 IST" duration-ms="573" status="PASS">
          <reporter-output>
          </reporter-output>
        </test-method> <!-- tearDown -->
      </class> <!-- com.expandtesting.tests.WebInputTest -->
    </test> <!-- Default test -->
  </suite> <!-- Default suite -->
</testng-results>
