<?xml version="1.0" encoding="UTF-8"?>
<!-- Generated by org.testng.reporters.JUnitReportReporter -->
<testsuite hostname="Asus15" failures="0" tests="3" name="com.expandtesting.tests.OtpTest" time="95.524" errors="0" timestamp="2026-04-09T18:50:59 IST" skipped="0">
  <testcase classname="com.expandtesting.tests.OtpTest" name="verifyLoginWithValidOtp" time="24.243"/>
  <testcase classname="com.expandtesting.tests.OtpTest" name="verifyLoginWithInvalidOtp" time="28.850"/>
  <testcase classname="com.expandtesting.tests.OtpTest" name="verifyLoginWithEmptyOtp" time="42.431"/>
</testsuite> <!-- com.expandtesting.tests.OtpTest -->
