<?xml version="1.0" encoding="UTF-8"?>
<!-- Generated by org.testng.reporters.JUnitReportReporter -->
<testsuite hostname="Asus15" failures="0" tests="2" name="com.expandtesting.tests.WebInputTest" time="34.602" errors="0" timestamp="2026-04-09T19:22:00 IST" skipped="0">
  <testcase classname="com.expandtesting.tests.WebInputTest" name="verifyWebInputPageIsPresent" time="10.094"/>
  <testcase classname="com.expandtesting.tests.WebInputTest" name="verifyDisplayInputs" time="24.508"/>
</testsuite> <!-- com.expandtesting.tests.WebInputTest -->
