<?xml version="1.0" encoding="UTF-8"?>
<!-- Generated by org.testng.reporters.JUnitReportReporter -->
<testsuite hostname="Asus15" failures="0" tests="4" name="com.expandtesting.tests.RegisterPageTest" time="88.229" errors="0" timestamp="2026-04-08T13:09:40 IST" skipped="0">
  <testcase classname="com.expandtesting.tests.RegisterPageTest" name="verifySuccessfulRegistration" time="22.992"/>
  <testcase classname="com.expandtesting.tests.RegisterPageTest" name="verifyRegisterWithEmptyUsername" time="21.620"/>
  <testcase classname="com.expandtesting.tests.RegisterPageTest" name="verifyRegisterWithEmptyPassword" time="22.682"/>
  <testcase classname="com.expandtesting.tests.RegisterPageTest" name="verifyRegisterWithPasswordMismatch" time="20.935"/>
</testsuite> <!-- com.expandtesting.tests.RegisterPageTest -->
