<?xml version="1.0" encoding="UTF-8"?>
<!-- Generated by org.testng.reporters.JUnitReportReporter -->
<testsuite hostname="Asus15" failures="0" tests="2" name="com.expandtesting.tests.LoginTest" time="75.000" errors="0" timestamp="2026-04-09T22:08:33 IST" skipped="0">
  <testcase classname="com.expandtesting.tests.LoginTest" name="verifyLoginFunWithValidCredentials" time="37.568"/>
  <testcase classname="com.expandtesting.tests.LoginTest" name="verifyLoginFunWithInValidCredentials" time="37.432"/>
</testsuite> <!-- com.expandtesting.tests.LoginTest -->
