<?xml version="1.0" encoding="UTF-8"?>
<!-- Generated by org.testng.reporters.JUnitReportReporter -->
<testsuite hostname="Asus15" failures="0" tests="2" name="com.expandtesting.tests.WebInputTest" time="36.651" errors="0" timestamp="2026-03-23T18:55:47 IST" skipped="0">
  <testcase classname="com.expandtesting.tests.WebInputTest" name="verifyDisplayInputs" time="16.501"/>
  <testcase classname="com.expandtesting.tests.WebInputTest" name="verifyWebInputPageIsPresent" time="20.150"/>
</testsuite> <!-- com.expandtesting.tests.WebInputTest -->
