<?xml version="1.0" encoding="UTF-8"?>
<!-- Generated by org.testng.reporters.JUnitReportReporter -->
<testsuite hostname="Asus15" failures="0" tests="2" name="com.expandtesting.tests.LoginTest" time="15.089" errors="0" timestamp="2026-03-28T09:07:05 IST" skipped="1">
  <testcase classname="com.expandtesting.tests.LoginTest" name="verifyLoginFunWithValidCredentials" time="15.089"/>
  <testcase classname="com.expandtesting.tests.LoginTest" name="verifyLoginFunWithInValidCredentials">
    <skipped/>
  </testcase> <!-- verifyLoginFunWithInValidCredentials -->
</testsuite> <!-- com.expandtesting.tests.LoginTest -->
