<?xml version="1.0" encoding="UTF-8"?>
<!-- Generated by org.testng.reporters.JUnitReportReporter -->
<testsuite hostname="Asus15" failures="0" tests="2" name="com.expandtesting.tests.WebInputTest" time="37.483" errors="0" timestamp="2026-03-28T09:58:33 IST" skipped="0">
  <testcase classname="com.expandtesting.tests.WebInputTest" name="verifyWebInputPageIsPresent" time="20.135"/>
  <testcase classname="com.expandtesting.tests.WebInputTest" name="verifyDisplayInputs" time="17.348"/>
</testsuite> <!-- com.expandtesting.tests.WebInputTest -->
