<?xml version="1.0" encoding="UTF-8"?>
<!-- Generated by org.testng.reporters.JUnitReportReporter -->
<testsuite hostname="Asus15" failures="0" tests="2" name="com.expandtesting.tests.LoginTest" time="47.678" errors="0" timestamp="2026-04-09T22:13:12 IST" skipped="0">
  <testcase classname="com.expandtesting.tests.LoginTest" name="verifyLoginFunWithValidCredentials" time="20.938"/>
  <testcase classname="com.expandtesting.tests.LoginTest" name="verifyLoginFunWithInValidCredentials" time="26.740"/>
</testsuite> <!-- com.expandtesting.tests.LoginTest -->
