<?xml version="1.0" encoding="UTF-8"?>
<!-- Generated by org.testng.reporters.JUnitReportReporter -->
<testsuite hostname="Asus15" failures="0" tests="2" name="com.expandtesting.tests.WebInputTest" time="37.632" errors="0" timestamp="2026-03-30T10:33:32 IST" skipped="0">
  <testcase classname="com.expandtesting.tests.WebInputTest" name="verifyWebInputPageIsPresent" time="10.117"/>
  <testcase classname="com.expandtesting.tests.WebInputTest" name="verifyDisplayInputs" time="27.515"/>
</testsuite> <!-- com.expandtesting.tests.WebInputTest -->
